0 info it worked if it ends with ok
1 verbose cli [ '/home/emerson/.nvm/versions/node/v7.2.0/bin/node',
1 verbose cli   '/home/emerson/.nvm/versions/node/v7.2.0/bin/npm',
1 verbose cli   'install',
1 verbose cli   'cordova@lasted' ]
2 info using npm@4.0.5
3 info using node@v7.2.0
4 silly loadCurrentTree Starting
5 silly install loadCurrentTree
6 silly install readLocalPackageData
7 silly fetchPackageMetaData cordova@lasted
8 silly fetchNamedPackageData cordova
9 silly mapToRegistry name cordova
10 silly mapToRegistry using default registry
11 silly mapToRegistry registry https://registry.npmjs.org/
12 silly mapToRegistry data Result {
12 silly mapToRegistry   raw: 'cordova',
12 silly mapToRegistry   scope: null,
12 silly mapToRegistry   escapedName: 'cordova',
12 silly mapToRegistry   name: 'cordova',
12 silly mapToRegistry   rawSpec: '',
12 silly mapToRegistry   spec: 'latest',
12 silly mapToRegistry   type: 'tag' }
13 silly mapToRegistry uri https://registry.npmjs.org/cordova
14 verbose request uri https://registry.npmjs.org/cordova
15 verbose request no auth needed
16 info attempt registry request try #1 at 3:25:47 PM
17 verbose request id 7cdd35ef890c2468
18 verbose etag W/"585256a1-1046e9"
19 verbose lastModified Thu, 15 Dec 2016 08:38:57 GMT
20 http request GET https://registry.npmjs.org/cordova
21 http 304 https://registry.npmjs.org/cordova
22 verbose headers { date: 'Sat, 17 Dec 2016 17:25:48 GMT',
22 verbose headers   via: '1.1 varnish',
22 verbose headers   'cache-control': 'max-age=300',
22 verbose headers   etag: 'W/"585256a1-1046e9"',
22 verbose headers   age: '260',
22 verbose headers   connection: 'keep-alive',
22 verbose headers   'x-served-by': 'cache-gru7123-GRU',
22 verbose headers   'x-cache': 'HIT',
22 verbose headers   'x-cache-hits': '3',
22 verbose headers   'x-timer': 'S1481995548.107731,VS0,VE0',
22 verbose headers   vary: 'Accept-Encoding' }
23 silly get cb [ 304,
23 silly get   { date: 'Sat, 17 Dec 2016 17:25:48 GMT',
23 silly get     via: '1.1 varnish',
23 silly get     'cache-control': 'max-age=300',
23 silly get     etag: 'W/"585256a1-1046e9"',
23 silly get     age: '260',
23 silly get     connection: 'keep-alive',
23 silly get     'x-served-by': 'cache-gru7123-GRU',
23 silly get     'x-cache': 'HIT',
23 silly get     'x-cache-hits': '3',
23 silly get     'x-timer': 'S1481995548.107731,VS0,VE0',
23 silly get     vary: 'Accept-Encoding' } ]
24 verbose etag https://registry.npmjs.org/cordova from cache
25 verbose get saving cordova to /home/emerson/.npm/registry.npmjs.org/cordova/.cache.json
26 verbose correctMkdir /home/emerson/.npm correctMkdir not in flight; initializing
27 silly fetchNamedPackageData No valid target from cache, forcing network
28 verbose request uri https://registry.npmjs.org/cordova
29 verbose request no auth needed
30 info attempt registry request try #1 at 3:25:48 PM
31 http request GET https://registry.npmjs.org/cordova
32 http 200 https://registry.npmjs.org/cordova
33 verbose headers { server: 'nginx/1.10.1',
33 verbose headers   'content-type': 'application/json',
33 verbose headers   'last-modified': 'Thu, 15 Dec 2016 08:38:57 GMT',
33 verbose headers   etag: 'W/"585256a1-1046e9"',
33 verbose headers   'content-encoding': 'gzip',
33 verbose headers   'cache-control': 'max-age=300',
33 verbose headers   'content-length': '39687',
33 verbose headers   'accept-ranges': 'bytes',
33 verbose headers   date: 'Sat, 17 Dec 2016 17:25:48 GMT',
33 verbose headers   via: '1.1 varnish',
33 verbose headers   age: '260',
33 verbose headers   connection: 'keep-alive',
33 verbose headers   'x-served-by': 'cache-gru7123-GRU',
33 verbose headers   'x-cache': 'HIT',
33 verbose headers   'x-cache-hits': '4',
33 verbose headers   'x-timer': 'S1481995548.275323,VS0,VE0',
33 verbose headers   vary: 'Accept-Encoding' }
34 silly get cb [ 200,
34 silly get   { server: 'nginx/1.10.1',
34 silly get     'content-type': 'application/json',
34 silly get     'last-modified': 'Thu, 15 Dec 2016 08:38:57 GMT',
34 silly get     etag: 'W/"585256a1-1046e9"',
34 silly get     'content-encoding': 'gzip',
34 silly get     'cache-control': 'max-age=300',
34 silly get     'content-length': '39687',
34 silly get     'accept-ranges': 'bytes',
34 silly get     date: 'Sat, 17 Dec 2016 17:25:48 GMT',
34 silly get     via: '1.1 varnish',
34 silly get     age: '260',
34 silly get     connection: 'keep-alive',
34 silly get     'x-served-by': 'cache-gru7123-GRU',
34 silly get     'x-cache': 'HIT',
34 silly get     'x-cache-hits': '4',
34 silly get     'x-timer': 'S1481995548.275323,VS0,VE0',
34 silly get     vary: 'Accept-Encoding' } ]
35 verbose get saving cordova to /home/emerson/.npm/registry.npmjs.org/cordova/.cache.json
36 verbose correctMkdir /home/emerson/.npm correctMkdir not in flight; initializing
37 silly fetchPackageMetaData Error: No compatible version found: cordova@lasted
37 silly fetchPackageMetaData Valid install targets:
37 silly fetchPackageMetaData 6.4.1-nightly.2016.12.9.0dad8c6d, 6.4.1-nightly.2016.12.8.0dad8c6d, 6.4.1-nightly.2016.12.7.0dad8c6d, 6.4.1-nightly.2016.12.6.0dad8c6d, 6.4.1-nightly.2016.12.5.0dad8c6d, 6.4.1-nightly.2016.12.4.0dad8c6d, 6.4.1-nightly.2016.12.3.0dad8c6d, 6.4.1-nightly.2016.12.2.0dad8c6d, 6.4.1-nightly.2016.12.1.0dad8c6d, 6.4.1-nightly.2016.11.30.0dad8c6d, 6.4.1-nightly.2016.11.29.0dad8c6d, 6.4.1-nightly.2016.11.28.0dad8c6d, 6.4.1-nightly.2016.11.27.0dad8c6d, 6.4.1-nightly.2016.11.26.0dad8c6d, 6.4.1-nightly.2016.11.25.0dad8c6d, 6.4.1-nightly.2016.11.24.0dad8c6d, 6.4.1-nightly.2016.11.23.0dad8c6d, 6.4.1-nightly.2016.11.22.0dad8c6d, 6.4.1-nightly.2016.11.21.0dad8c6d, 6.4.1-nightly.2016.11.20.0dad8c6d, 6.4.1-nightly.2016.11.19.0dad8c6d, 6.4.1-nightly.2016.11.18.0dad8c6d, 6.4.1-nightly.2016.11.17.0dad8c6d, 6.4.1-nightly.2016.11.16.0dad8c6d, 6.4.1-nightly.2016.11.15.0dad8c6d, 6.4.1-nightly.2016.11.12.0dad8c6d, 6.4.1-nightly.2016.11.11.0dad8c6d, 6.4.1-nightly.2016.11.10.0dad8c6d, 6.4.1-nightly.2016.11.9.0dad8c6d, 6.4.1-nightly.2016.11.8.0dad8c6d, 6.4.1-nightly.2016.11.7.0dad8c6d, 6.4.1-nightly.2016.11.6.0dad8c6d, 6.4.1-nightly.2016.11.5.0dad8c6d, 6.4.1-nightly.2016.11.4.0dad8c6d, 6.4.1-nightly.2016.11.3.0dad8c6d, 6.4.1-nightly.2016.11.2.0dad8c6d, 6.4.1-nightly.2016.11.1.c5977c97, 6.4.1-nightly.2016.10.27.c5977c97, 6.4.1-nightly.2016.10.26.c5977c97, 6.4.1-nightly.2016.10.25.c5977c97, 6.4.0, 6.4.0-nightly.2016.10.22.576c8426, 6.4.0-nightly.2016.10.21.576c8426, 6.4.0-nightly.2016.10.19.576c8426, 6.4.0-nightly.2016.10.18.576c8426, 6.4.0-nightly.2016.10.17.576c8426, 6.4.0-nightly.2016.10.16.576c8426, 6.4.0-nightly.2016.10.15.576c8426, 6.4.0-nightly.2016.10.14.9c306a44, 6.4.0-nightly.2016.10.13.4759c467, 6.4.0-nightly.2016.10.12.4759c467, 6.4.0-nightly.2016.10.11.4759c467, 6.4.0-nightly.2016.10.10.4759c467, 6.4.0-nightly.2016.10.9.4759c467, 6.4.0-nightly.2016.10.8.4759c467, 6.4.0-nightly.2016.10.7.4759c467, 6.4.0-nightly.2016.9.28.ddd828f4, 6.4.0-nightly.2016.9.27.ddd828f4, 6.4.0-nightly.2016.9.26.ddd828f4, 6.4.0-nightly.2016.9.25.ddd828f4, 6.4.0-nightly.2016.9.24.ddd828f4, 6.4.0-nightly.2016.9.23.ddd828f4, 6.4.0-nightly.2016.9.22.ddd828f4, 6.4.0-nightly.2016.9.21.ddd828f4, 6.4.0-nightly.2016.9.20.ddd828f4, 6.4.0-nightly.2016.9.19.ddd828f4, 6.4.0-nightly.2016.9.18.ddd828f4, 6.4.0-nightly.2016.9.17.ddd828f4, 6.4.0-nightly.2016.9.16.ddd828f4, 6.4.0-nightly.2016.9.15.ddd828f4, 6.4.0-nightly.2016.9.14.ddd828f4, 6.4.0-nightly.2016.9.13.ddd828f4, 6.4.0-nightly.2016.9.12.ddd828f4, 6.4.0-nightly.2016.9.11.ddd828f4, 6.4.0-nightly.2016.9.10.ddd828f4, 6.4.0-nightly.2016.9.7.ddd828f4, 6.4.0-nightly.2016.9.5.ddd828f4, 6.4.0-nightly.2016.9.4.ddd828f4, 6.4.0-nightly.2016.9.3.ddd828f4, 6.4.0-nightly.2016.9.2.4935f1a5, 6.4.0-nightly.2016.9.1.4935f1a5, 6.4.0-nightly.2016.8.31.4935f1a5, 6.4.0-nightly.2016.8.30.4935f1a5, 6.4.0-nightly.2016.8.29.4935f1a5, 6.4.0-nightly.2016.8.28.4935f1a5, 6.4.0-nightly.2016.8.27.4935f1a5, 6.4.0-nightly.2016.8.26.4935f1a5, 6.4.0-nightly.2016.8.25.4935f1a5, 6.4.0-nightly.2016.8.24.4935f1a5, 6.4.0-nightly.2016.8.23.4935f1a5, 6.4.0-nightly.2016.8.22.258eb28f, 6.4.0-nightly.2016.8.21.258eb28f, 6.4.0-nightly.2016.8.20.258eb28f, 6.4.0-nightly.2016.8.18.258eb28f, 6.4.0-nightly.2016.8.17.258eb28f, 6.4.0-nightly.2016.8.16.258eb28f, 6.4.0-nightly.2016.8.15.258eb28f, 6.4.0-nightly.2016.8.13.258eb28f, 6.4.0-nightly.2016.8.12.258eb28f, 6.4.0-nightly.2016.8.11.258eb28f, 6.4.0-nightly.2016.8.10.258eb28f, 6.3.1, 6.3.1-nightly.2016.8.9.5e6e3bf1, 6.3.1-nightly.2016.8.8.5e6e3bf1, 6.3.1-nightly.2016.8.7.5e6e3bf1, 6.3.1-nightly.2016.8.6.5e6e3bf1, 6.3.1-nightly.2016.8.5.5e6e3bf1, 6.3.1-nightly.2016.8.4.5e6e3bf1, 6.3.1-nightly.2016.8.2.5e6e3bf1, 6.3.1-nightly.2016.7.29.83f93b96, 6.3.1-nightly.2016.7.28.83f93b96, 6.3.1-nightly.2016.7.27.83f93b96, 6.3.1-nightly.2016.7.26.83f93b96, 6.3.1-nightly.2016.7.25.83f93b96, 6.3.1-nightly.2016.7.24.83f93b96, 6.3.1-nightly.2016.7.23.83f93b96, 6.3.1-nightly.2016.7.20.83f93b96, 6.3.1-nightly.2016.7.18.83f93b96, 6.3.1-nightly.2016.7.17.83f93b96, 6.3.1-nightly.2016.7.16.83f93b96, 6.3.1-nightly.2016.7.15.83f93b96, 6.3.1-nightly.2016.7.14.83f93b96, 6.3.0, 6.2.1-nightly.2016.7.12.64e11522, 6.2.1-nightly.2016.7.10.64e11522, 6.2.1-nightly.2016.7.8.64e11522, 6.2.1-nightly.2016.7.7.64e11522, 6.2.1-nightly.2016.7.6.64e11522, 6.2.1-nightly.2016.7.5.64e11522, 6.2.1-nightly.2016.7.4.64e11522, 6.2.1-nightly.2016.7.3.64e11522, 6.2.1-nightly.2016.7.2.64e11522, 6.2.1-nightly.2016.7.1.64e11522, 6.2.1-nightly.2016.6.30.64e11522, 6.2.1-nightly.2016.6.29.64e11522, 6.2.1-nightly.2016.6.28.486bdab5, 6.2.1-nightly.2016.6.27.486bdab5, 6.2.1-nightly.2016.6.26.486bdab5, 6.2.1-nightly.2016.6.24.486bdab5, 6.2.1-nightly.2016.6.23.486bdab5, 6.2.1-nightly.2016.6.22.486bdab5, 6.2.1-nightly.2016.6.21.486bdab5, 6.2.1-nightly.2016.6.20.486bdab5, 6.2.1-nightly.2016.6.18.486bdab5, 6.2.1-nightly.2016.6.17.486bdab5, 6.2.1-nightly.2016.6.16.486bdab5, 6.2.1-nightly.2016.6.14.486bdab5, 6.2.1-nightly.2016.6.13.486bdab5, 6.2.1-nightly.2016.6.12.486bdab5, 6.2.1-nightly.2016.6.10.486bdab5, 6.2.1-nightly.2016.6.8.486bdab5, 6.2.1-nightly.2016.6.7.486bdab5, 6.2.1-nightly.2016.6.6.189f41a4, 6.2.1-nightly.2016.6.5.189f41a4, 6.2.1-nightly.2016.6.4.189f41a4, 6.2.1-nightly.2016.6.3.189f41a4, 6.2.1-nightly.2016.6.2.189f41a4, 6.2.1-nightly.2016.6.1.189f41a4, 6.2.1-nightly.2016.5.31.189f41a4, 6.2.1-nightly.2016.5.30.189f41a4, 6.2.1-nightly.2016.5.28.189f41a4, 6.2.1-nightly.2016.5.27.189f41a4, 6.2.1-nightly.2016.5.26.189f41a4, 6.2.1-nightly.2016.5.25.189f41a4, 6.2.1-nightly.2016.5.24.189f41a4, 6.2.1-nightly.2016.5.23.6e87c71a, 6.2.1-nightly.2016.5.22.254844d7, 6.2.1-nightly.2016.5.21.254844d7, 6.2.1-nightly.2016.5.20.254844d7, 6.2.1-dev, 6.2.0, 6.2.0-nightly.2016.5.13, 6.2.0-nightly.2016.5.12, 6.2.0-nightly.2016.5.11, 6.1.1, 6.1.0, 6.0.0, 5.4.1, 5.4.0, 5.3.3, 5.3.1, 5.2.0, 5.1.1, 5.0.0, 4.3.1, 4.3.0, 4.2.0, 4.1.3-nightly.2014.10.21, 4.1.2, 4.1.1, 4.1.0, 4.0.1, 4.0.0, 3.6.3-0.2.13, 3.6.3-0.2.12, 3.6.3-0.2.11, 3.6.1-0.2.10, 3.6.0-0.2.9, 3.6.0-0.2.8, 3.5.0-0.2.7, 3.5.0-0.2.6, 3.5.0-0.2.4, 3.5.0-0.2.3, 3.5.0-0.2.2, 3.5.0-0.2.1, 3.5.0-0.2.0, 3.4.1-0.1.0, 3.4.0-0.1.3, 3.4.0-0.1.2, 3.4.0-0.1.1, 3.4.0-0.1.0, 3.3.1-0.4.2, 3.3.1-0.4.1, 3.3.1-0.3.1, 3.3.1-0.3.0, 3.3.1-0.1.2, 3.3.0-rc.1, 3.3.0-0.1.1, 3.2.0-rc.1, 3.2.0-0.4.0, 3.2.0-0.3.0, 3.2.0-0.2.0, 3.2.0-0.1.0, 3.1.0-0.2.0, 3.1.0-0.1.0, 3.0.10, 3.0.9, 3.0.8, 3.0.7, 3.0.6, 3.0.5, 3.0.4, 3.0.3, 3.0.2, 3.0.1, 3.0.0, 3.0.0-rc1-3, 3.0.0-rc1-1, 3.0.0-rc1, 2.9.7, 2.9.6, 2.9.5, 2.9.4, 2.9.3, 2.9.2, 2.9.1, 2.9.0, 2.9.0-rc1, 2.8.25, 2.8.24, 2.8.23, 2.8.22, 2.8.21, 2.8.20, 2.8.19, 2.8.18, 2.8.17, 2.8.16, 2.8.15, 2.8.14, 2.8.13, 2.8.12, 2.8.11, 2.8.10, 2.8.9, 2.8.8, 2.8.7, 2.8.6, 2.8.5, 2.8.4, 2.8.3, 2.8.2, 2.8.1, 2.8.0, 2.7.4, 2.7.3, 2.7.2, 2.7.1-rc.1, 2.7.0-rc.1, 2.6.2, 2.6.1, 2.6.0, 2.5.5, 2.5.4, 2.5.3, 2.5.2, 2.5.0, 2.4.10, 2.4.9, 2.4.8, 2.4.7, 2.4.6, 2.4.5, 2.4.4, 2.4.3, 2.4.2, 2.4.1, 2.4.0, 2.3.6, 2.3.5, 2.3.3, 2.3.2, 2.3.1, 2.3.0, 2.2.0, 0.1.14, 0.1.13, 0.1.12, 0.1.11, 0.1.10, 0.1.9, 0.1.8, 0.1.7, 0.1.6, 0.1.5, 0.1.4, 0.1.3, 0.1.2, 0.1.1, 0.1.0, 0.0.9, 0.0.8, 0.0.7, 0.0.6, 0.0.5, 0.0.4, 0.0.3, 0.0.2, 0.0.1, 0.0.0-fake
37 silly fetchPackageMetaData
37 silly fetchPackageMetaData     at pickVersionFromRegistryDocument (/home/emerson/.nvm/versions/node/v7.2.0/lib/node_modules/npm/lib/fetch-package-metadata.js:178:16)
37 silly fetchPackageMetaData     at /home/emerson/.nvm/versions/node/v7.2.0/lib/node_modules/npm/node_modules/iferr/index.js:13:50
37 silly fetchPackageMetaData     at /home/emerson/.nvm/versions/node/v7.2.0/lib/node_modules/npm/lib/utils/pulse-till-done.js:20:8
37 silly fetchPackageMetaData     at saved (/home/emerson/.nvm/versions/node/v7.2.0/lib/node_modules/npm/lib/cache/caching-client.js:174:7)
37 silly fetchPackageMetaData     at /home/emerson/.nvm/versions/node/v7.2.0/lib/node_modules/npm/node_modules/graceful-fs/polyfills.js:261:18
37 silly fetchPackageMetaData     at FSReqWrap.oncomplete (fs.js:111:15)
37 silly fetchPackageMetaData  error for cordova@lasted { Error: No compatible version found: cordova@lasted
37 silly fetchPackageMetaData Valid install targets:
37 silly fetchPackageMetaData 6.4.1-nightly.2016.12.9.0dad8c6d, 6.4.1-nightly.2016.12.8.0dad8c6d, 6.4.1-nightly.2016.12.7.0dad8c6d, 6.4.1-nightly.2016.12.6.0dad8c6d, 6.4.1-nightly.2016.12.5.0dad8c6d, 6.4.1-nightly.2016.12.4.0dad8c6d, 6.4.1-nightly.2016.12.3.0dad8c6d, 6.4.1-nightly.2016.12.2.0dad8c6d, 6.4.1-nightly.2016.12.1.0dad8c6d, 6.4.1-nightly.2016.11.30.0dad8c6d, 6.4.1-nightly.2016.11.29.0dad8c6d, 6.4.1-nightly.2016.11.28.0dad8c6d, 6.4.1-nightly.2016.11.27.0dad8c6d, 6.4.1-nightly.2016.11.26.0dad8c6d, 6.4.1-nightly.2016.11.25.0dad8c6d, 6.4.1-nightly.2016.11.24.0dad8c6d, 6.4.1-nightly.2016.11.23.0dad8c6d, 6.4.1-nightly.2016.11.22.0dad8c6d, 6.4.1-nightly.2016.11.21.0dad8c6d, 6.4.1-nightly.2016.11.20.0dad8c6d, 6.4.1-nightly.2016.11.19.0dad8c6d, 6.4.1-nightly.2016.11.18.0dad8c6d, 6.4.1-nightly.2016.11.17.0dad8c6d, 6.4.1-nightly.2016.11.16.0dad8c6d, 6.4.1-nightly.2016.11.15.0dad8c6d, 6.4.1-nightly.2016.11.12.0dad8c6d, 6.4.1-nightly.2016.11.11.0dad8c6d, 6.4.1-nightly.2016.11.10.0dad8c6d, 6.4.1-nightly.2016.11.9.0dad8c6d, 6.4.1-nightly.2016.11.8.0dad8c6d, 6.4.1-nightly.2016.11.7.0dad8c6d, 6.4.1-nightly.2016.11.6.0dad8c6d, 6.4.1-nightly.2016.11.5.0dad8c6d, 6.4.1-nightly.2016.11.4.0dad8c6d, 6.4.1-nightly.2016.11.3.0dad8c6d, 6.4.1-nightly.2016.11.2.0dad8c6d, 6.4.1-nightly.2016.11.1.c5977c97, 6.4.1-nightly.2016.10.27.c5977c97, 6.4.1-nightly.2016.10.26.c5977c97, 6.4.1-nightly.2016.10.25.c5977c97, 6.4.0, 6.4.0-nightly.2016.10.22.576c8426, 6.4.0-nightly.2016.10.21.576c8426, 6.4.0-nightly.2016.10.19.576c8426, 6.4.0-nightly.2016.10.18.576c8426, 6.4.0-nightly.2016.10.17.576c8426, 6.4.0-nightly.2016.10.16.576c8426, 6.4.0-nightly.2016.10.15.576c8426, 6.4.0-nightly.2016.10.14.9c306a44, 6.4.0-nightly.2016.10.13.4759c467, 6.4.0-nightly.2016.10.12.4759c467, 6.4.0-nightly.2016.10.11.4759c467, 6.4.0-nightly.2016.10.10.4759c467, 6.4.0-nightly.2016.10.9.4759c467, 6.4.0-nightly.2016.10.8.4759c467, 6.4.0-nightly.2016.10.7.4759c467, 6.4.0-nightly.2016.9.28.ddd828f4, 6.4.0-nightly.2016.9.27.ddd828f4, 6.4.0-nightly.2016.9.26.ddd828f4, 6.4.0-nightly.2016.9.25.ddd828f4, 6.4.0-nightly.2016.9.24.ddd828f4, 6.4.0-nightly.2016.9.23.ddd828f4, 6.4.0-nightly.2016.9.22.ddd828f4, 6.4.0-nightly.2016.9.21.ddd828f4, 6.4.0-nightly.2016.9.20.ddd828f4, 6.4.0-nightly.2016.9.19.ddd828f4, 6.4.0-nightly.2016.9.18.ddd828f4, 6.4.0-nightly.2016.9.17.ddd828f4, 6.4.0-nightly.2016.9.16.ddd828f4, 6.4.0-nightly.2016.9.15.ddd828f4, 6.4.0-nightly.2016.9.14.ddd828f4, 6.4.0-nightly.2016.9.13.ddd828f4, 6.4.0-nightly.2016.9.12.ddd828f4, 6.4.0-nightly.2016.9.11.ddd828f4, 6.4.0-nightly.2016.9.10.ddd828f4, 6.4.0-nightly.2016.9.7.ddd828f4, 6.4.0-nightly.2016.9.5.ddd828f4, 6.4.0-nightly.2016.9.4.ddd828f4, 6.4.0-nightly.2016.9.3.ddd828f4, 6.4.0-nightly.2016.9.2.4935f1a5, 6.4.0-nightly.2016.9.1.4935f1a5, 6.4.0-nightly.2016.8.31.4935f1a5, 6.4.0-nightly.2016.8.30.4935f1a5, 6.4.0-nightly.2016.8.29.4935f1a5, 6.4.0-nightly.2016.8.28.4935f1a5, 6.4.0-nightly.2016.8.27.4935f1a5, 6.4.0-nightly.2016.8.26.4935f1a5, 6.4.0-nightly.2016.8.25.4935f1a5, 6.4.0-nightly.2016.8.24.4935f1a5, 6.4.0-nightly.2016.8.23.4935f1a5, 6.4.0-nightly.2016.8.22.258eb28f, 6.4.0-nightly.2016.8.21.258eb28f, 6.4.0-nightly.2016.8.20.258eb28f, 6.4.0-nightly.2016.8.18.258eb28f, 6.4.0-nightly.2016.8.17.258eb28f, 6.4.0-nightly.2016.8.16.258eb28f, 6.4.0-nightly.2016.8.15.258eb28f, 6.4.0-nightly.2016.8.13.258eb28f, 6.4.0-nightly.2016.8.12.258eb28f, 6.4.0-nightly.2016.8.11.258eb28f, 6.4.0-nightly.2016.8.10.258eb28f, 6.3.1, 6.3.1-nightly.2016.8.9.5e6e3bf1, 6.3.1-nightly.2016.8.8.5e6e3bf1, 6.3.1-nightly.2016.8.7.5e6e3bf1, 6.3.1-nightly.2016.8.6.5e6e3bf1, 6.3.1-nightly.2016.8.5.5e6e3bf1, 6.3.1-nightly.2016.8.4.5e6e3bf1, 6.3.1-nightly.2016.8.2.5e6e3bf1, 6.3.1-nightly.2016.7.29.83f93b96, 6.3.1-nightly.2016.7.28.83f93b96, 6.3.1-nightly.2016.7.27.83f93b96, 6.3.1-nightly.2016.7.26.83f93b96, 6.3.1-nightly.2016.7.25.83f93b96, 6.3.1-nightly.2016.7.24.83f93b96, 6.3.1-nightly.2016.7.23.83f93b96, 6.3.1-nightly.2016.7.20.83f93b96, 6.3.1-nightly.2016.7.18.83f93b96, 6.3.1-nightly.2016.7.17.83f93b96, 6.3.1-nightly.2016.7.16.83f93b96, 6.3.1-nightly.2016.7.15.83f93b96, 6.3.1-nightly.2016.7.14.83f93b96, 6.3.0, 6.2.1-nightly.2016.7.12.64e11522, 6.2.1-nightly.2016.7.10.64e11522, 6.2.1-nightly.2016.7.8.64e11522, 6.2.1-nightly.2016.7.7.64e11522, 6.2.1-nightly.2016.7.6.64e11522, 6.2.1-nightly.2016.7.5.64e11522, 6.2.1-nightly.2016.7.4.64e11522, 6.2.1-nightly.2016.7.3.64e11522, 6.2.1-nightly.2016.7.2.64e11522, 6.2.1-nightly.2016.7.1.64e11522, 6.2.1-nightly.2016.6.30.64e11522, 6.2.1-nightly.2016.6.29.64e11522, 6.2.1-nightly.2016.6.28.486bdab5, 6.2.1-nightly.2016.6.27.486bdab5, 6.2.1-nightly.2016.6.26.486bdab5, 6.2.1-nightly.2016.6.24.486bdab5, 6.2.1-nightly.2016.6.23.486bdab5, 6.2.1-nightly.2016.6.22.486bdab5, 6.2.1-nightly.2016.6.21.486bdab5, 6.2.1-nightly.2016.6.20.486bdab5, 6.2.1-nightly.2016.6.18.486bdab5, 6.2.1-nightly.2016.6.17.486bdab5, 6.2.1-nightly.2016.6.16.486bdab5, 6.2.1-nightly.2016.6.14.486bdab5, 6.2.1-nightly.2016.6.13.486bdab5, 6.2.1-nightly.2016.6.12.486bdab5, 6.2.1-nightly.2016.6.10.486bdab5, 6.2.1-nightly.2016.6.8.486bdab5, 6.2.1-nightly.2016.6.7.486bdab5, 6.2.1-nightly.2016.6.6.189f41a4, 6.2.1-nightly.2016.6.5.189f41a4, 6.2.1-nightly.2016.6.4.189f41a4, 6.2.1-nightly.2016.6.3.189f41a4, 6.2.1-nightly.2016.6.2.189f41a4, 6.2.1-nightly.2016.6.1.189f41a4, 6.2.1-nightly.2016.5.31.189f41a4, 6.2.1-nightly.2016.5.30.189f41a4, 6.2.1-nightly.2016.5.28.189f41a4, 6.2.1-nightly.2016.5.27.189f41a4, 6.2.1-nightly.2016.5.26.189f41a4, 6.2.1-nightly.2016.5.25.189f41a4, 6.2.1-nightly.2016.5.24.189f41a4, 6.2.1-nightly.2016.5.23.6e87c71a, 6.2.1-nightly.2016.5.22.254844d7, 6.2.1-nightly.2016.5.21.254844d7, 6.2.1-nightly.2016.5.20.254844d7, 6.2.1-dev, 6.2.0, 6.2.0-nightly.2016.5.13, 6.2.0-nightly.2016.5.12, 6.2.0-nightly.2016.5.11, 6.1.1, 6.1.0, 6.0.0, 5.4.1, 5.4.0, 5.3.3, 5.3.1, 5.2.0, 5.1.1, 5.0.0, 4.3.1, 4.3.0, 4.2.0, 4.1.3-nightly.2014.10.21, 4.1.2, 4.1.1, 4.1.0, 4.0.1, 4.0.0, 3.6.3-0.2.13, 3.6.3-0.2.12, 3.6.3-0.2.11, 3.6.1-0.2.10, 3.6.0-0.2.9, 3.6.0-0.2.8, 3.5.0-0.2.7, 3.5.0-0.2.6, 3.5.0-0.2.4, 3.5.0-0.2.3, 3.5.0-0.2.2, 3.5.0-0.2.1, 3.5.0-0.2.0, 3.4.1-0.1.0, 3.4.0-0.1.3, 3.4.0-0.1.2, 3.4.0-0.1.1, 3.4.0-0.1.0, 3.3.1-0.4.2, 3.3.1-0.4.1, 3.3.1-0.3.1, 3.3.1-0.3.0, 3.3.1-0.1.2, 3.3.0-rc.1, 3.3.0-0.1.1, 3.2.0-rc.1, 3.2.0-0.4.0, 3.2.0-0.3.0, 3.2.0-0.2.0, 3.2.0-0.1.0, 3.1.0-0.2.0, 3.1.0-0.1.0, 3.0.10, 3.0.9, 3.0.8, 3.0.7, 3.0.6, 3.0.5, 3.0.4, 3.0.3, 3.0.2, 3.0.1, 3.0.0, 3.0.0-rc1-3, 3.0.0-rc1-1, 3.0.0-rc1, 2.9.7, 2.9.6, 2.9.5, 2.9.4, 2.9.3, 2.9.2, 2.9.1, 2.9.0, 2.9.0-rc1, 2.8.25, 2.8.24, 2.8.23, 2.8.22, 2.8.21, 2.8.20, 2.8.19, 2.8.18, 2.8.17, 2.8.16, 2.8.15, 2.8.14, 2.8.13, 2.8.12, 2.8.11, 2.8.10, 2.8.9, 2.8.8, 2.8.7, 2.8.6, 2.8.5, 2.8.4, 2.8.3, 2.8.2, 2.8.1, 2.8.0, 2.7.4, 2.7.3, 2.7.2, 2.7.1-rc.1, 2.7.0-rc.1, 2.6.2, 2.6.1, 2.6.0, 2.5.5, 2.5.4, 2.5.3, 2.5.2, 2.5.0, 2.4.10, 2.4.9, 2.4.8, 2.4.7, 2.4.6, 2.4.5, 2.4.4, 2.4.3, 2.4.2, 2.4.1, 2.4.0, 2.3.6, 2.3.5, 2.3.3, 2.3.2, 2.3.1, 2.3.0, 2.2.0, 0.1.14, 0.1.13, 0.1.12, 0.1.11, 0.1.10, 0.1.9, 0.1.8, 0.1.7, 0.1.6, 0.1.5, 0.1.4, 0.1.3, 0.1.2, 0.1.1, 0.1.0, 0.0.9, 0.0.8, 0.0.7, 0.0.6, 0.0.5, 0.0.4, 0.0.3, 0.0.2, 0.0.1, 0.0.0-fake
37 silly fetchPackageMetaData
37 silly fetchPackageMetaData     at pickVersionFromRegistryDocument (/home/emerson/.nvm/versions/node/v7.2.0/lib/node_modules/npm/lib/fetch-package-metadata.js:178:16)
37 silly fetchPackageMetaData     at /home/emerson/.nvm/versions/node/v7.2.0/lib/node_modules/npm/node_modules/iferr/index.js:13:50
37 silly fetchPackageMetaData     at /home/emerson/.nvm/versions/node/v7.2.0/lib/node_modules/npm/lib/utils/pulse-till-done.js:20:8
37 silly fetchPackageMetaData     at saved (/home/emerson/.nvm/versions/node/v7.2.0/lib/node_modules/npm/lib/cache/caching-client.js:174:7)
37 silly fetchPackageMetaData     at /home/emerson/.nvm/versions/node/v7.2.0/lib/node_modules/npm/node_modules/graceful-fs/polyfills.js:261:18
37 silly fetchPackageMetaData     at FSReqWrap.oncomplete (fs.js:111:15) code: 'ETARGET' }
38 silly rollbackFailedOptional Starting
39 silly rollbackFailedOptional Finishing
40 silly runTopLevelLifecycles Finishing
41 silly install printInstalled
42 verbose stack Error: No compatible version found: cordova@lasted
42 verbose stack Valid install targets:
42 verbose stack 6.4.1-nightly.2016.12.9.0dad8c6d, 6.4.1-nightly.2016.12.8.0dad8c6d, 6.4.1-nightly.2016.12.7.0dad8c6d, 6.4.1-nightly.2016.12.6.0dad8c6d, 6.4.1-nightly.2016.12.5.0dad8c6d, 6.4.1-nightly.2016.12.4.0dad8c6d, 6.4.1-nightly.2016.12.3.0dad8c6d, 6.4.1-nightly.2016.12.2.0dad8c6d, 6.4.1-nightly.2016.12.1.0dad8c6d, 6.4.1-nightly.2016.11.30.0dad8c6d, 6.4.1-nightly.2016.11.29.0dad8c6d, 6.4.1-nightly.2016.11.28.0dad8c6d, 6.4.1-nightly.2016.11.27.0dad8c6d, 6.4.1-nightly.2016.11.26.0dad8c6d, 6.4.1-nightly.2016.11.25.0dad8c6d, 6.4.1-nightly.2016.11.24.0dad8c6d, 6.4.1-nightly.2016.11.23.0dad8c6d, 6.4.1-nightly.2016.11.22.0dad8c6d, 6.4.1-nightly.2016.11.21.0dad8c6d, 6.4.1-nightly.2016.11.20.0dad8c6d, 6.4.1-nightly.2016.11.19.0dad8c6d, 6.4.1-nightly.2016.11.18.0dad8c6d, 6.4.1-nightly.2016.11.17.0dad8c6d, 6.4.1-nightly.2016.11.16.0dad8c6d, 6.4.1-nightly.2016.11.15.0dad8c6d, 6.4.1-nightly.2016.11.12.0dad8c6d, 6.4.1-nightly.2016.11.11.0dad8c6d, 6.4.1-nightly.2016.11.10.0dad8c6d, 6.4.1-nightly.2016.11.9.0dad8c6d, 6.4.1-nightly.2016.11.8.0dad8c6d, 6.4.1-nightly.2016.11.7.0dad8c6d, 6.4.1-nightly.2016.11.6.0dad8c6d, 6.4.1-nightly.2016.11.5.0dad8c6d, 6.4.1-nightly.2016.11.4.0dad8c6d, 6.4.1-nightly.2016.11.3.0dad8c6d, 6.4.1-nightly.2016.11.2.0dad8c6d, 6.4.1-nightly.2016.11.1.c5977c97, 6.4.1-nightly.2016.10.27.c5977c97, 6.4.1-nightly.2016.10.26.c5977c97, 6.4.1-nightly.2016.10.25.c5977c97, 6.4.0, 6.4.0-nightly.2016.10.22.576c8426, 6.4.0-nightly.2016.10.21.576c8426, 6.4.0-nightly.2016.10.19.576c8426, 6.4.0-nightly.2016.10.18.576c8426, 6.4.0-nightly.2016.10.17.576c8426, 6.4.0-nightly.2016.10.16.576c8426, 6.4.0-nightly.2016.10.15.576c8426, 6.4.0-nightly.2016.10.14.9c306a44, 6.4.0-nightly.2016.10.13.4759c467, 6.4.0-nightly.2016.10.12.4759c467, 6.4.0-nightly.2016.10.11.4759c467, 6.4.0-nightly.2016.10.10.4759c467, 6.4.0-nightly.2016.10.9.4759c467, 6.4.0-nightly.2016.10.8.4759c467, 6.4.0-nightly.2016.10.7.4759c467, 6.4.0-nightly.2016.9.28.ddd828f4, 6.4.0-nightly.2016.9.27.ddd828f4, 6.4.0-nightly.2016.9.26.ddd828f4, 6.4.0-nightly.2016.9.25.ddd828f4, 6.4.0-nightly.2016.9.24.ddd828f4, 6.4.0-nightly.2016.9.23.ddd828f4, 6.4.0-nightly.2016.9.22.ddd828f4, 6.4.0-nightly.2016.9.21.ddd828f4, 6.4.0-nightly.2016.9.20.ddd828f4, 6.4.0-nightly.2016.9.19.ddd828f4, 6.4.0-nightly.2016.9.18.ddd828f4, 6.4.0-nightly.2016.9.17.ddd828f4, 6.4.0-nightly.2016.9.16.ddd828f4, 6.4.0-nightly.2016.9.15.ddd828f4, 6.4.0-nightly.2016.9.14.ddd828f4, 6.4.0-nightly.2016.9.13.ddd828f4, 6.4.0-nightly.2016.9.12.ddd828f4, 6.4.0-nightly.2016.9.11.ddd828f4, 6.4.0-nightly.2016.9.10.ddd828f4, 6.4.0-nightly.2016.9.7.ddd828f4, 6.4.0-nightly.2016.9.5.ddd828f4, 6.4.0-nightly.2016.9.4.ddd828f4, 6.4.0-nightly.2016.9.3.ddd828f4, 6.4.0-nightly.2016.9.2.4935f1a5, 6.4.0-nightly.2016.9.1.4935f1a5, 6.4.0-nightly.2016.8.31.4935f1a5, 6.4.0-nightly.2016.8.30.4935f1a5, 6.4.0-nightly.2016.8.29.4935f1a5, 6.4.0-nightly.2016.8.28.4935f1a5, 6.4.0-nightly.2016.8.27.4935f1a5, 6.4.0-nightly.2016.8.26.4935f1a5, 6.4.0-nightly.2016.8.25.4935f1a5, 6.4.0-nightly.2016.8.24.4935f1a5, 6.4.0-nightly.2016.8.23.4935f1a5, 6.4.0-nightly.2016.8.22.258eb28f, 6.4.0-nightly.2016.8.21.258eb28f, 6.4.0-nightly.2016.8.20.258eb28f, 6.4.0-nightly.2016.8.18.258eb28f, 6.4.0-nightly.2016.8.17.258eb28f, 6.4.0-nightly.2016.8.16.258eb28f, 6.4.0-nightly.2016.8.15.258eb28f, 6.4.0-nightly.2016.8.13.258eb28f, 6.4.0-nightly.2016.8.12.258eb28f, 6.4.0-nightly.2016.8.11.258eb28f, 6.4.0-nightly.2016.8.10.258eb28f, 6.3.1, 6.3.1-nightly.2016.8.9.5e6e3bf1, 6.3.1-nightly.2016.8.8.5e6e3bf1, 6.3.1-nightly.2016.8.7.5e6e3bf1, 6.3.1-nightly.2016.8.6.5e6e3bf1, 6.3.1-nightly.2016.8.5.5e6e3bf1, 6.3.1-nightly.2016.8.4.5e6e3bf1, 6.3.1-nightly.2016.8.2.5e6e3bf1, 6.3.1-nightly.2016.7.29.83f93b96, 6.3.1-nightly.2016.7.28.83f93b96, 6.3.1-nightly.2016.7.27.83f93b96, 6.3.1-nightly.2016.7.26.83f93b96, 6.3.1-nightly.2016.7.25.83f93b96, 6.3.1-nightly.2016.7.24.83f93b96, 6.3.1-nightly.2016.7.23.83f93b96, 6.3.1-nightly.2016.7.20.83f93b96, 6.3.1-nightly.2016.7.18.83f93b96, 6.3.1-nightly.2016.7.17.83f93b96, 6.3.1-nightly.2016.7.16.83f93b96, 6.3.1-nightly.2016.7.15.83f93b96, 6.3.1-nightly.2016.7.14.83f93b96, 6.3.0, 6.2.1-nightly.2016.7.12.64e11522, 6.2.1-nightly.2016.7.10.64e11522, 6.2.1-nightly.2016.7.8.64e11522, 6.2.1-nightly.2016.7.7.64e11522, 6.2.1-nightly.2016.7.6.64e11522, 6.2.1-nightly.2016.7.5.64e11522, 6.2.1-nightly.2016.7.4.64e11522, 6.2.1-nightly.2016.7.3.64e11522, 6.2.1-nightly.2016.7.2.64e11522, 6.2.1-nightly.2016.7.1.64e11522, 6.2.1-nightly.2016.6.30.64e11522, 6.2.1-nightly.2016.6.29.64e11522, 6.2.1-nightly.2016.6.28.486bdab5, 6.2.1-nightly.2016.6.27.486bdab5, 6.2.1-nightly.2016.6.26.486bdab5, 6.2.1-nightly.2016.6.24.486bdab5, 6.2.1-nightly.2016.6.23.486bdab5, 6.2.1-nightly.2016.6.22.486bdab5, 6.2.1-nightly.2016.6.21.486bdab5, 6.2.1-nightly.2016.6.20.486bdab5, 6.2.1-nightly.2016.6.18.486bdab5, 6.2.1-nightly.2016.6.17.486bdab5, 6.2.1-nightly.2016.6.16.486bdab5, 6.2.1-nightly.2016.6.14.486bdab5, 6.2.1-nightly.2016.6.13.486bdab5, 6.2.1-nightly.2016.6.12.486bdab5, 6.2.1-nightly.2016.6.10.486bdab5, 6.2.1-nightly.2016.6.8.486bdab5, 6.2.1-nightly.2016.6.7.486bdab5, 6.2.1-nightly.2016.6.6.189f41a4, 6.2.1-nightly.2016.6.5.189f41a4, 6.2.1-nightly.2016.6.4.189f41a4, 6.2.1-nightly.2016.6.3.189f41a4, 6.2.1-nightly.2016.6.2.189f41a4, 6.2.1-nightly.2016.6.1.189f41a4, 6.2.1-nightly.2016.5.31.189f41a4, 6.2.1-nightly.2016.5.30.189f41a4, 6.2.1-nightly.2016.5.28.189f41a4, 6.2.1-nightly.2016.5.27.189f41a4, 6.2.1-nightly.2016.5.26.189f41a4, 6.2.1-nightly.2016.5.25.189f41a4, 6.2.1-nightly.2016.5.24.189f41a4, 6.2.1-nightly.2016.5.23.6e87c71a, 6.2.1-nightly.2016.5.22.254844d7, 6.2.1-nightly.2016.5.21.254844d7, 6.2.1-nightly.2016.5.20.254844d7, 6.2.1-dev, 6.2.0, 6.2.0-nightly.2016.5.13, 6.2.0-nightly.2016.5.12, 6.2.0-nightly.2016.5.11, 6.1.1, 6.1.0, 6.0.0, 5.4.1, 5.4.0, 5.3.3, 5.3.1, 5.2.0, 5.1.1, 5.0.0, 4.3.1, 4.3.0, 4.2.0, 4.1.3-nightly.2014.10.21, 4.1.2, 4.1.1, 4.1.0, 4.0.1, 4.0.0, 3.6.3-0.2.13, 3.6.3-0.2.12, 3.6.3-0.2.11, 3.6.1-0.2.10, 3.6.0-0.2.9, 3.6.0-0.2.8, 3.5.0-0.2.7, 3.5.0-0.2.6, 3.5.0-0.2.4, 3.5.0-0.2.3, 3.5.0-0.2.2, 3.5.0-0.2.1, 3.5.0-0.2.0, 3.4.1-0.1.0, 3.4.0-0.1.3, 3.4.0-0.1.2, 3.4.0-0.1.1, 3.4.0-0.1.0, 3.3.1-0.4.2, 3.3.1-0.4.1, 3.3.1-0.3.1, 3.3.1-0.3.0, 3.3.1-0.1.2, 3.3.0-rc.1, 3.3.0-0.1.1, 3.2.0-rc.1, 3.2.0-0.4.0, 3.2.0-0.3.0, 3.2.0-0.2.0, 3.2.0-0.1.0, 3.1.0-0.2.0, 3.1.0-0.1.0, 3.0.10, 3.0.9, 3.0.8, 3.0.7, 3.0.6, 3.0.5, 3.0.4, 3.0.3, 3.0.2, 3.0.1, 3.0.0, 3.0.0-rc1-3, 3.0.0-rc1-1, 3.0.0-rc1, 2.9.7, 2.9.6, 2.9.5, 2.9.4, 2.9.3, 2.9.2, 2.9.1, 2.9.0, 2.9.0-rc1, 2.8.25, 2.8.24, 2.8.23, 2.8.22, 2.8.21, 2.8.20, 2.8.19, 2.8.18, 2.8.17, 2.8.16, 2.8.15, 2.8.14, 2.8.13, 2.8.12, 2.8.11, 2.8.10, 2.8.9, 2.8.8, 2.8.7, 2.8.6, 2.8.5, 2.8.4, 2.8.3, 2.8.2, 2.8.1, 2.8.0, 2.7.4, 2.7.3, 2.7.2, 2.7.1-rc.1, 2.7.0-rc.1, 2.6.2, 2.6.1, 2.6.0, 2.5.5, 2.5.4, 2.5.3, 2.5.2, 2.5.0, 2.4.10, 2.4.9, 2.4.8, 2.4.7, 2.4.6, 2.4.5, 2.4.4, 2.4.3, 2.4.2, 2.4.1, 2.4.0, 2.3.6, 2.3.5, 2.3.3, 2.3.2, 2.3.1, 2.3.0, 2.2.0, 0.1.14, 0.1.13, 0.1.12, 0.1.11, 0.1.10, 0.1.9, 0.1.8, 0.1.7, 0.1.6, 0.1.5, 0.1.4, 0.1.3, 0.1.2, 0.1.1, 0.1.0, 0.0.9, 0.0.8, 0.0.7, 0.0.6, 0.0.5, 0.0.4, 0.0.3, 0.0.2, 0.0.1, 0.0.0-fake
42 verbose stack
42 verbose stack     at pickVersionFromRegistryDocument (/home/emerson/.nvm/versions/node/v7.2.0/lib/node_modules/npm/lib/fetch-package-metadata.js:178:16)
42 verbose stack     at /home/emerson/.nvm/versions/node/v7.2.0/lib/node_modules/npm/node_modules/iferr/index.js:13:50
42 verbose stack     at /home/emerson/.nvm/versions/node/v7.2.0/lib/node_modules/npm/lib/utils/pulse-till-done.js:20:8
42 verbose stack     at saved (/home/emerson/.nvm/versions/node/v7.2.0/lib/node_modules/npm/lib/cache/caching-client.js:174:7)
42 verbose stack     at /home/emerson/.nvm/versions/node/v7.2.0/lib/node_modules/npm/node_modules/graceful-fs/polyfills.js:261:18
42 verbose stack     at FSReqWrap.oncomplete (fs.js:111:15)
43 verbose cwd /home/emerson/fatec/Aplicativo_Cupom_Client
44 error Linux 4.4.0-53-generic
45 error argv "/home/emerson/.nvm/versions/node/v7.2.0/bin/node" "/home/emerson/.nvm/versions/node/v7.2.0/bin/npm" "install" "cordova@lasted"
46 error node v7.2.0
47 error npm  v4.0.5
48 error code ETARGET
49 error notarget No compatible version found: cordova@lasted
49 error notarget Valid install targets:
49 error notarget 6.4.1-nightly.2016.12.9.0dad8c6d, 6.4.1-nightly.2016.12.8.0dad8c6d, 6.4.1-nightly.2016.12.7.0dad8c6d, 6.4.1-nightly.2016.12.6.0dad8c6d, 6.4.1-nightly.2016.12.5.0dad8c6d, 6.4.1-nightly.2016.12.4.0dad8c6d, 6.4.1-nightly.2016.12.3.0dad8c6d, 6.4.1-nightly.2016.12.2.0dad8c6d, 6.4.1-nightly.2016.12.1.0dad8c6d, 6.4.1-nightly.2016.11.30.0dad8c6d, 6.4.1-nightly.2016.11.29.0dad8c6d, 6.4.1-nightly.2016.11.28.0dad8c6d, 6.4.1-nightly.2016.11.27.0dad8c6d, 6.4.1-nightly.2016.11.26.0dad8c6d, 6.4.1-nightly.2016.11.25.0dad8c6d, 6.4.1-nightly.2016.11.24.0dad8c6d, 6.4.1-nightly.2016.11.23.0dad8c6d, 6.4.1-nightly.2016.11.22.0dad8c6d, 6.4.1-nightly.2016.11.21.0dad8c6d, 6.4.1-nightly.2016.11.20.0dad8c6d, 6.4.1-nightly.2016.11.19.0dad8c6d, 6.4.1-nightly.2016.11.18.0dad8c6d, 6.4.1-nightly.2016.11.17.0dad8c6d, 6.4.1-nightly.2016.11.16.0dad8c6d, 6.4.1-nightly.2016.11.15.0dad8c6d, 6.4.1-nightly.2016.11.12.0dad8c6d, 6.4.1-nightly.2016.11.11.0dad8c6d, 6.4.1-nightly.2016.11.10.0dad8c6d, 6.4.1-nightly.2016.11.9.0dad8c6d, 6.4.1-nightly.2016.11.8.0dad8c6d, 6.4.1-nightly.2016.11.7.0dad8c6d, 6.4.1-nightly.2016.11.6.0dad8c6d, 6.4.1-nightly.2016.11.5.0dad8c6d, 6.4.1-nightly.2016.11.4.0dad8c6d, 6.4.1-nightly.2016.11.3.0dad8c6d, 6.4.1-nightly.2016.11.2.0dad8c6d, 6.4.1-nightly.2016.11.1.c5977c97, 6.4.1-nightly.2016.10.27.c5977c97, 6.4.1-nightly.2016.10.26.c5977c97, 6.4.1-nightly.2016.10.25.c5977c97, 6.4.0, 6.4.0-nightly.2016.10.22.576c8426, 6.4.0-nightly.2016.10.21.576c8426, 6.4.0-nightly.2016.10.19.576c8426, 6.4.0-nightly.2016.10.18.576c8426, 6.4.0-nightly.2016.10.17.576c8426, 6.4.0-nightly.2016.10.16.576c8426, 6.4.0-nightly.2016.10.15.576c8426, 6.4.0-nightly.2016.10.14.9c306a44, 6.4.0-nightly.2016.10.13.4759c467, 6.4.0-nightly.2016.10.12.4759c467, 6.4.0-nightly.2016.10.11.4759c467, 6.4.0-nightly.2016.10.10.4759c467, 6.4.0-nightly.2016.10.9.4759c467, 6.4.0-nightly.2016.10.8.4759c467, 6.4.0-nightly.2016.10.7.4759c467, 6.4.0-nightly.2016.9.28.ddd828f4, 6.4.0-nightly.2016.9.27.ddd828f4, 6.4.0-nightly.2016.9.26.ddd828f4, 6.4.0-nightly.2016.9.25.ddd828f4, 6.4.0-nightly.2016.9.24.ddd828f4, 6.4.0-nightly.2016.9.23.ddd828f4, 6.4.0-nightly.2016.9.22.ddd828f4, 6.4.0-nightly.2016.9.21.ddd828f4, 6.4.0-nightly.2016.9.20.ddd828f4, 6.4.0-nightly.2016.9.19.ddd828f4, 6.4.0-nightly.2016.9.18.ddd828f4, 6.4.0-nightly.2016.9.17.ddd828f4, 6.4.0-nightly.2016.9.16.ddd828f4, 6.4.0-nightly.2016.9.15.ddd828f4, 6.4.0-nightly.2016.9.14.ddd828f4, 6.4.0-nightly.2016.9.13.ddd828f4, 6.4.0-nightly.2016.9.12.ddd828f4, 6.4.0-nightly.2016.9.11.ddd828f4, 6.4.0-nightly.2016.9.10.ddd828f4, 6.4.0-nightly.2016.9.7.ddd828f4, 6.4.0-nightly.2016.9.5.ddd828f4, 6.4.0-nightly.2016.9.4.ddd828f4, 6.4.0-nightly.2016.9.3.ddd828f4, 6.4.0-nightly.2016.9.2.4935f1a5, 6.4.0-nightly.2016.9.1.4935f1a5, 6.4.0-nightly.2016.8.31.4935f1a5, 6.4.0-nightly.2016.8.30.4935f1a5, 6.4.0-nightly.2016.8.29.4935f1a5, 6.4.0-nightly.2016.8.28.4935f1a5, 6.4.0-nightly.2016.8.27.4935f1a5, 6.4.0-nightly.2016.8.26.4935f1a5, 6.4.0-nightly.2016.8.25.4935f1a5, 6.4.0-nightly.2016.8.24.4935f1a5, 6.4.0-nightly.2016.8.23.4935f1a5, 6.4.0-nightly.2016.8.22.258eb28f, 6.4.0-nightly.2016.8.21.258eb28f, 6.4.0-nightly.2016.8.20.258eb28f, 6.4.0-nightly.2016.8.18.258eb28f, 6.4.0-nightly.2016.8.17.258eb28f, 6.4.0-nightly.2016.8.16.258eb28f, 6.4.0-nightly.2016.8.15.258eb28f, 6.4.0-nightly.2016.8.13.258eb28f, 6.4.0-nightly.2016.8.12.258eb28f, 6.4.0-nightly.2016.8.11.258eb28f, 6.4.0-nightly.2016.8.10.258eb28f, 6.3.1, 6.3.1-nightly.2016.8.9.5e6e3bf1, 6.3.1-nightly.2016.8.8.5e6e3bf1, 6.3.1-nightly.2016.8.7.5e6e3bf1, 6.3.1-nightly.2016.8.6.5e6e3bf1, 6.3.1-nightly.2016.8.5.5e6e3bf1, 6.3.1-nightly.2016.8.4.5e6e3bf1, 6.3.1-nightly.2016.8.2.5e6e3bf1, 6.3.1-nightly.2016.7.29.83f93b96, 6.3.1-nightly.2016.7.28.83f93b96, 6.3.1-nightly.2016.7.27.83f93b96, 6.3.1-nightly.2016.7.26.83f93b96, 6.3.1-nightly.2016.7.25.83f93b96, 6.3.1-nightly.2016.7.24.83f93b96, 6.3.1-nightly.2016.7.23.83f93b96, 6.3.1-nightly.2016.7.20.83f93b96, 6.3.1-nightly.2016.7.18.83f93b96, 6.3.1-nightly.2016.7.17.83f93b96, 6.3.1-nightly.2016.7.16.83f93b96, 6.3.1-nightly.2016.7.15.83f93b96, 6.3.1-nightly.2016.7.14.83f93b96, 6.3.0, 6.2.1-nightly.2016.7.12.64e11522, 6.2.1-nightly.2016.7.10.64e11522, 6.2.1-nightly.2016.7.8.64e11522, 6.2.1-nightly.2016.7.7.64e11522, 6.2.1-nightly.2016.7.6.64e11522, 6.2.1-nightly.2016.7.5.64e11522, 6.2.1-nightly.2016.7.4.64e11522, 6.2.1-nightly.2016.7.3.64e11522, 6.2.1-nightly.2016.7.2.64e11522, 6.2.1-nightly.2016.7.1.64e11522, 6.2.1-nightly.2016.6.30.64e11522, 6.2.1-nightly.2016.6.29.64e11522, 6.2.1-nightly.2016.6.28.486bdab5, 6.2.1-nightly.2016.6.27.486bdab5, 6.2.1-nightly.2016.6.26.486bdab5, 6.2.1-nightly.2016.6.24.486bdab5, 6.2.1-nightly.2016.6.23.486bdab5, 6.2.1-nightly.2016.6.22.486bdab5, 6.2.1-nightly.2016.6.21.486bdab5, 6.2.1-nightly.2016.6.20.486bdab5, 6.2.1-nightly.2016.6.18.486bdab5, 6.2.1-nightly.2016.6.17.486bdab5, 6.2.1-nightly.2016.6.16.486bdab5, 6.2.1-nightly.2016.6.14.486bdab5, 6.2.1-nightly.2016.6.13.486bdab5, 6.2.1-nightly.2016.6.12.486bdab5, 6.2.1-nightly.2016.6.10.486bdab5, 6.2.1-nightly.2016.6.8.486bdab5, 6.2.1-nightly.2016.6.7.486bdab5, 6.2.1-nightly.2016.6.6.189f41a4, 6.2.1-nightly.2016.6.5.189f41a4, 6.2.1-nightly.2016.6.4.189f41a4, 6.2.1-nightly.2016.6.3.189f41a4, 6.2.1-nightly.2016.6.2.189f41a4, 6.2.1-nightly.2016.6.1.189f41a4, 6.2.1-nightly.2016.5.31.189f41a4, 6.2.1-nightly.2016.5.30.189f41a4, 6.2.1-nightly.2016.5.28.189f41a4, 6.2.1-nightly.2016.5.27.189f41a4, 6.2.1-nightly.2016.5.26.189f41a4, 6.2.1-nightly.2016.5.25.189f41a4, 6.2.1-nightly.2016.5.24.189f41a4, 6.2.1-nightly.2016.5.23.6e87c71a, 6.2.1-nightly.2016.5.22.254844d7, 6.2.1-nightly.2016.5.21.254844d7, 6.2.1-nightly.2016.5.20.254844d7, 6.2.1-dev, 6.2.0, 6.2.0-nightly.2016.5.13, 6.2.0-nightly.2016.5.12, 6.2.0-nightly.2016.5.11, 6.1.1, 6.1.0, 6.0.0, 5.4.1, 5.4.0, 5.3.3, 5.3.1, 5.2.0, 5.1.1, 5.0.0, 4.3.1, 4.3.0, 4.2.0, 4.1.3-nightly.2014.10.21, 4.1.2, 4.1.1, 4.1.0, 4.0.1, 4.0.0, 3.6.3-0.2.13, 3.6.3-0.2.12, 3.6.3-0.2.11, 3.6.1-0.2.10, 3.6.0-0.2.9, 3.6.0-0.2.8, 3.5.0-0.2.7, 3.5.0-0.2.6, 3.5.0-0.2.4, 3.5.0-0.2.3, 3.5.0-0.2.2, 3.5.0-0.2.1, 3.5.0-0.2.0, 3.4.1-0.1.0, 3.4.0-0.1.3, 3.4.0-0.1.2, 3.4.0-0.1.1, 3.4.0-0.1.0, 3.3.1-0.4.2, 3.3.1-0.4.1, 3.3.1-0.3.1, 3.3.1-0.3.0, 3.3.1-0.1.2, 3.3.0-rc.1, 3.3.0-0.1.1, 3.2.0-rc.1, 3.2.0-0.4.0, 3.2.0-0.3.0, 3.2.0-0.2.0, 3.2.0-0.1.0, 3.1.0-0.2.0, 3.1.0-0.1.0, 3.0.10, 3.0.9, 3.0.8, 3.0.7, 3.0.6, 3.0.5, 3.0.4, 3.0.3, 3.0.2, 3.0.1, 3.0.0, 3.0.0-rc1-3, 3.0.0-rc1-1, 3.0.0-rc1, 2.9.7, 2.9.6, 2.9.5, 2.9.4, 2.9.3, 2.9.2, 2.9.1, 2.9.0, 2.9.0-rc1, 2.8.25, 2.8.24, 2.8.23, 2.8.22, 2.8.21, 2.8.20, 2.8.19, 2.8.18, 2.8.17, 2.8.16, 2.8.15, 2.8.14, 2.8.13, 2.8.12, 2.8.11, 2.8.10, 2.8.9, 2.8.8, 2.8.7, 2.8.6, 2.8.5, 2.8.4, 2.8.3, 2.8.2, 2.8.1, 2.8.0, 2.7.4, 2.7.3, 2.7.2, 2.7.1-rc.1, 2.7.0-rc.1, 2.6.2, 2.6.1, 2.6.0, 2.5.5, 2.5.4, 2.5.3, 2.5.2, 2.5.0, 2.4.10, 2.4.9, 2.4.8, 2.4.7, 2.4.6, 2.4.5, 2.4.4, 2.4.3, 2.4.2, 2.4.1, 2.4.0, 2.3.6, 2.3.5, 2.3.3, 2.3.2, 2.3.1, 2.3.0, 2.2.0, 0.1.14, 0.1.13, 0.1.12, 0.1.11, 0.1.10, 0.1.9, 0.1.8, 0.1.7, 0.1.6, 0.1.5, 0.1.4, 0.1.3, 0.1.2, 0.1.1, 0.1.0, 0.0.9, 0.0.8, 0.0.7, 0.0.6, 0.0.5, 0.0.4, 0.0.3, 0.0.2, 0.0.1, 0.0.0-fake
50 error notarget This is most likely not a problem with npm itself.
50 error notarget In most cases you or one of your dependencies are requesting
50 error notarget a package version that doesn't exist.
51 verbose exit [ 1, true ]
